Determining if the pthread_create exist failed with the following output:
Change Dir: /home/chen/桌面/can_demo/build/CMakeFiles/CMakeTmp

Run Build Command:"/usr/bin/make" "cmTC_cd6da/fast"
/usr/bin/make -f CMakeFiles/cmTC_cd6da.dir/build.make CMakeFiles/cmTC_cd6da.dir/build
make[1]: Entering directory '/home/chen/桌面/can_demo/build/CMakeFiles/CMakeTmp'
Building C object CMakeFiles/cmTC_cd6da.dir/CheckSymbolExists.c.o
/usr/bin/cc     -o CMakeFiles/cmTC_cd6da.dir/CheckSymbolExists.c.o   -c /home/chen/桌面/can_demo/build/CMakeFiles/CMakeTmp/CheckSymbolExists.c
Linking C executable cmTC_cd6da
/usr/bin/cmake -E cmake_link_script CMakeFiles/cmTC_cd6da.dir/link.txt --verbose=1
/usr/bin/cc       CMakeFiles/cmTC_cd6da.dir/CheckSymbolExists.c.o  -o cmTC_cd6da 
CMakeFiles/cmTC_cd6da.dir/CheckSymbolExists.c.o：在函数‘main’中：
CheckSymbolExists.c:(.text+0x16)：对‘pthread_create’未定义的引用
collect2: error: ld returned 1 exit status
CMakeFiles/cmTC_cd6da.dir/build.make:97: recipe for target 'cmTC_cd6da' failed
make[1]: *** [cmTC_cd6da] Error 1
make[1]: Leaving directory '/home/chen/桌面/can_demo/build/CMakeFiles/CMakeTmp'
Makefile:126: recipe for target 'cmTC_cd6da/fast' failed
make: *** [cmTC_cd6da/fast] Error 2

File /home/chen/桌面/can_demo/build/CMakeFiles/CMakeTmp/CheckSymbolExists.c:
/* */
#include <pthread.h>

int main(int argc, char** argv)
{
  (void)argv;
#ifndef pthread_create
  return ((int*)(&pthread_create))[argc];
#else
  (void)argc;
  return 0;
#endif
}

Determining if the function pthread_create exists in the pthreads failed with the following output:
Change Dir: /home/chen/桌面/can_demo/build/CMakeFiles/CMakeTmp

Run Build Command:"/usr/bin/make" "cmTC_606e3/fast"
/usr/bin/make -f CMakeFiles/cmTC_606e3.dir/build.make CMakeFiles/cmTC_606e3.dir/build
make[1]: Entering directory '/home/chen/桌面/can_demo/build/CMakeFiles/CMakeTmp'
Building C object CMakeFiles/cmTC_606e3.dir/CheckFunctionExists.c.o
/usr/bin/cc    -DCHECK_FUNCTION_EXISTS=pthread_create   -o CMakeFiles/cmTC_606e3.dir/CheckFunctionExists.c.o   -c /usr/share/cmake-3.5/Modules/CheckFunctionExists.c
Linking C executable cmTC_606e3
/usr/bin/cmake -E cmake_link_script CMakeFiles/cmTC_606e3.dir/link.txt --verbose=1
/usr/bin/cc   -DCHECK_FUNCTION_EXISTS=pthread_create    CMakeFiles/cmTC_606e3.dir/CheckFunctionExists.c.o  -o cmTC_606e3 -lpthreads 
/usr/bin/ld: 找不到 -lpthreads
collect2: error: ld returned 1 exit status
CMakeFiles/cmTC_606e3.dir/build.make:97: recipe for target 'cmTC_606e3' failed
make[1]: *** [cmTC_606e3] Error 1
make[1]: Leaving directory '/home/chen/桌面/can_demo/build/CMakeFiles/CMakeTmp'
Makefile:126: recipe for target 'cmTC_606e3/fast' failed
make: *** [cmTC_606e3/fast] Error 2


